{"D:\\BootcampHacktiv8\\phase-2\\IP-HCK65\\server\\app.js": {"path":"D:\\BootcampHacktiv8\\phase-2\\IP-HCK65\\server\\app.js","statementMap":{"0":{"start":{"line":1,"column":0},"end":{"line":3,"column":1}},"1":{"start":{"line":2,"column":4},"end":{"line":2,"column":31}},"2":{"start":{"line":5,"column":16},"end":{"line":5,"column":34}},"3":{"start":{"line":6,"column":35},"end":{"line":6,"column":72}},"4":{"start":{"line":7,"column":13},"end":{"line":7,"column":28}},"5":{"start":{"line":8,"column":15},"end":{"line":8,"column":34}},"6":{"start":{"line":10,"column":12},"end":{"line":10,"column":21}},"7":{"start":{"line":12,"column":0},"end":{"line":12,"column":15}},"8":{"start":{"line":13,"column":0},"end":{"line":13,"column":47}},"9":{"start":{"line":14,"column":0},"end":{"line":14,"column":23}},"10":{"start":{"line":16,"column":0},"end":{"line":16,"column":15}},"11":{"start":{"line":17,"column":0},"end":{"line":17,"column":21}},"12":{"start":{"line":20,"column":0},"end":{"line":20,"column":20}}},"fnMap":{},"branchMap":{"0":{"loc":{"start":{"line":1,"column":0},"end":{"line":3,"column":1}},"type":"if","locations":[{"start":{"line":1,"column":0},"end":{"line":3,"column":1}},{"start":{},"end":{}}],"line":1}},"s":{"0":3,"1":3,"2":3,"3":3,"4":3,"5":3,"6":3,"7":3,"8":3,"9":3,"10":3,"11":3,"12":3},"f":{},"b":{"0":[3,0]},"_coverageSchema":"1a1c01bbd47fc00a2c39e90264f33305004495a9","hash":"3b29a685291e180c8ab7424246adf152bb667389"}
,"D:\\BootcampHacktiv8\\phase-2\\IP-HCK65\\server\\controllers\\favoriteController.js": {"path":"D:\\BootcampHacktiv8\\phase-2\\IP-HCK65\\server\\controllers\\favoriteController.js","statementMap":{"0":{"start":{"line":1,"column":21},"end":{"line":1,"column":41}},"1":{"start":{"line":6,"column":8},"end":{"line":11,"column":9}},"2":{"start":{"line":7,"column":25},"end":{"line":7,"column":49}},"3":{"start":{"line":8,"column":12},"end":{"line":8,"column":38}},"4":{"start":{"line":10,"column":12},"end":{"line":10,"column":23}},"5":{"start":{"line":15,"column":8},"end":{"line":26,"column":9}},"6":{"start":{"line":16,"column":27},"end":{"line":16,"column":37}},"7":{"start":{"line":17,"column":25},"end":{"line":21,"column":14}},"8":{"start":{"line":23,"column":12},"end":{"line":23,"column":38}},"9":{"start":{"line":25,"column":12},"end":{"line":25,"column":23}},"10":{"start":{"line":30,"column":8},"end":{"line":42,"column":9}},"11":{"start":{"line":31,"column":138},"end":{"line":31,"column":146}},"12":{"start":{"line":34,"column":16},"end":{"line":34,"column":149}},"13":{"start":{"line":35,"column":36},"end":{"line":35,"column":63}},"14":{"start":{"line":36,"column":12},"end":{"line":39,"column":14}},"15":{"start":{"line":41,"column":12},"end":{"line":41,"column":24}},"16":{"start":{"line":46,"column":8},"end":{"line":59,"column":9}},"17":{"start":{"line":47,"column":27},"end":{"line":47,"column":37}},"18":{"start":{"line":49,"column":12},"end":{"line":53,"column":14}},"19":{"start":{"line":54,"column":12},"end":{"line":56,"column":14}},"20":{"start":{"line":58,"column":12},"end":{"line":58,"column":24}},"21":{"start":{"line":87,"column":0},"end":{"line":87,"column":36}}},"fnMap":{"0":{"name":"(anonymous_0)","decl":{"start":{"line":5,"column":4},"end":{"line":5,"column":5}},"loc":{"start":{"line":5,"column":40},"end":{"line":12,"column":5}},"line":5},"1":{"name":"(anonymous_1)","decl":{"start":{"line":14,"column":4},"end":{"line":14,"column":5}},"loc":{"start":{"line":14,"column":48},"end":{"line":27,"column":5}},"line":14},"2":{"name":"(anonymous_2)","decl":{"start":{"line":29,"column":4},"end":{"line":29,"column":5}},"loc":{"start":{"line":29,"column":45},"end":{"line":43,"column":5}},"line":29},"3":{"name":"(anonymous_3)","decl":{"start":{"line":45,"column":4},"end":{"line":45,"column":5}},"loc":{"start":{"line":45,"column":48},"end":{"line":60,"column":5}},"line":45}},"branchMap":{},"s":{"0":3,"1":1,"2":1,"3":1,"4":0,"5":1,"6":1,"7":1,"8":1,"9":0,"10":1,"11":1,"12":1,"13":1,"14":1,"15":0,"16":1,"17":1,"18":1,"19":1,"20":0,"21":3},"f":{"0":1,"1":1,"2":1,"3":1},"b":{},"_coverageSchema":"1a1c01bbd47fc00a2c39e90264f33305004495a9","hash":"5d4a7c33b0b491d69bd1a042b04cf0857041dc1a"}
,"D:\\BootcampHacktiv8\\phase-2\\IP-HCK65\\server\\controllers\\userController.js": {"path":"D:\\BootcampHacktiv8\\phase-2\\IP-HCK65\\server\\controllers\\userController.js","statementMap":{"0":{"start":{"line":1,"column":17},"end":{"line":1,"column":37}},"1":{"start":{"line":2,"column":22},"end":{"line":2,"column":47}},"2":{"start":{"line":3,"column":42},"end":{"line":3,"column":70}},"3":{"start":{"line":4,"column":19},"end":{"line":4,"column":40}},"4":{"start":{"line":6,"column":25},"end":{"line":6,"column":55}},"5":{"start":{"line":7,"column":15},"end":{"line":7,"column":31}},"6":{"start":{"line":12,"column":8},"end":{"line":43,"column":9}},"7":{"start":{"line":13,"column":70},"end":{"line":13,"column":78}},"8":{"start":{"line":14,"column":32},"end":{"line":14,"column":102}},"9":{"start":{"line":15,"column":32},"end":{"line":21,"column":14}},"10":{"start":{"line":24,"column":29},"end":{"line":30,"column":18}},"11":{"start":{"line":31,"column":36},"end":{"line":31,"column":121}},"12":{"start":{"line":33,"column":12},"end":{"line":33,"column":40}},"13":{"start":{"line":35,"column":12},"end":{"line":40,"column":14}},"14":{"start":{"line":42,"column":12},"end":{"line":42,"column":23}},"15":{"start":{"line":47,"column":8},"end":{"line":84,"column":9}},"16":{"start":{"line":48,"column":40},"end":{"line":48,"column":48}},"17":{"start":{"line":49,"column":12},"end":{"line":54,"column":13}},"18":{"start":{"line":50,"column":16},"end":{"line":53,"column":17}},"19":{"start":{"line":55,"column":12},"end":{"line":60,"column":13}},"20":{"start":{"line":56,"column":16},"end":{"line":59,"column":17}},"21":{"start":{"line":61,"column":25},"end":{"line":65,"column":14}},"22":{"start":{"line":66,"column":12},"end":{"line":71,"column":13}},"23":{"start":{"line":67,"column":16},"end":{"line":70,"column":17}},"24":{"start":{"line":72,"column":38},"end":{"line":72,"column":78}},"25":{"start":{"line":73,"column":12},"end":{"line":78,"column":13}},"26":{"start":{"line":74,"column":16},"end":{"line":77,"column":17}},"27":{"start":{"line":79,"column":33},"end":{"line":79,"column":59}},"28":{"start":{"line":81,"column":12},"end":{"line":81,"column":63}},"29":{"start":{"line":83,"column":12},"end":{"line":83,"column":23}},"30":{"start":{"line":88,"column":8},"end":{"line":121,"column":9}},"31":{"start":{"line":89,"column":37},"end":{"line":89,"column":45}},"32":{"start":{"line":90,"column":32},"end":{"line":90,"column":95}},"33":{"start":{"line":92,"column":27},"end":{"line":95,"column":14}},"34":{"start":{"line":96,"column":28},"end":{"line":96,"column":47}},"35":{"start":{"line":98,"column":36},"end":{"line":109,"column":14}},"36":{"start":{"line":111,"column":33},"end":{"line":111,"column":59}},"37":{"start":{"line":113,"column":12},"end":{"line":117,"column":14}},"38":{"start":{"line":120,"column":12},"end":{"line":120,"column":23}},"39":{"start":{"line":125,"column":8},"end":{"line":132,"column":9}},"40":{"start":{"line":126,"column":25},"end":{"line":128,"column":14}},"41":{"start":{"line":129,"column":12},"end":{"line":129,"column":26}},"42":{"start":{"line":131,"column":12},"end":{"line":131,"column":23}},"43":{"start":{"line":136,"column":0},"end":{"line":143,"column":68}},"44":{"start":{"line":143,"column":85},"end":{"line":143,"column":37619}},"45":{"start":{"line":143,"column":89},"end":{"line":143,"column":37608}}},"fnMap":{"0":{"name":"(anonymous_0)","decl":{"start":{"line":11,"column":4},"end":{"line":11,"column":5}},"loc":{"start":{"line":11,"column":42},"end":{"line":44,"column":5}},"line":11},"1":{"name":"main","decl":{"start":{"line":22,"column":27},"end":{"line":22,"column":31}},"loc":{"start":{"line":22,"column":34},"end":{"line":32,"column":13}},"line":22},"2":{"name":"(anonymous_2)","decl":{"start":{"line":46,"column":4},"end":{"line":46,"column":5}},"loc":{"start":{"line":46,"column":39},"end":{"line":85,"column":5}},"line":46},"3":{"name":"(anonymous_3)","decl":{"start":{"line":87,"column":4},"end":{"line":87,"column":5}},"loc":{"start":{"line":87,"column":45},"end":{"line":122,"column":5}},"line":87},"4":{"name":"(anonymous_4)","decl":{"start":{"line":124,"column":4},"end":{"line":124,"column":5}},"loc":{"start":{"line":124,"column":45},"end":{"line":133,"column":5}},"line":124},"5":{"name":"oo_cm","decl":{"start":{"line":143,"column":77},"end":{"line":143,"column":82}},"loc":{"start":{"line":143,"column":84},"end":{"line":143,"column":37620}},"line":143}},"branchMap":{"0":{"loc":{"start":{"line":49,"column":12},"end":{"line":54,"column":13}},"type":"if","locations":[{"start":{"line":49,"column":12},"end":{"line":54,"column":13}},{"start":{},"end":{}}],"line":49},"1":{"loc":{"start":{"line":55,"column":12},"end":{"line":60,"column":13}},"type":"if","locations":[{"start":{"line":55,"column":12},"end":{"line":60,"column":13}},{"start":{},"end":{}}],"line":55},"2":{"loc":{"start":{"line":66,"column":12},"end":{"line":71,"column":13}},"type":"if","locations":[{"start":{"line":66,"column":12},"end":{"line":71,"column":13}},{"start":{},"end":{}}],"line":66},"3":{"loc":{"start":{"line":73,"column":12},"end":{"line":78,"column":13}},"type":"if","locations":[{"start":{"line":73,"column":12},"end":{"line":78,"column":13}},{"start":{},"end":{}}],"line":73},"4":{"loc":{"start":{"line":113,"column":23},"end":{"line":113,"column":42}},"type":"cond-expr","locations":[{"start":{"line":113,"column":33},"end":{"line":113,"column":36}},{"start":{"line":113,"column":39},"end":{"line":113,"column":42}}],"line":113},"5":{"loc":{"start":{"line":143,"column":96},"end":{"line":143,"column":37607}},"type":"binary-expr","locations":[{"start":{"line":143,"column":96},"end":{"line":143,"column":133}},{"start":{"line":143,"column":137},"end":{"line":143,"column":37607}}],"line":143}},"s":{"0":3,"1":3,"2":3,"3":3,"4":3,"5":3,"6":6,"7":6,"8":6,"9":1,"10":1,"11":0,"12":1,"13":1,"14":5,"15":5,"16":5,"17":5,"18":1,"19":4,"20":1,"21":3,"22":3,"23":2,"24":1,"25":1,"26":0,"27":1,"28":1,"29":4,"30":0,"31":0,"32":0,"33":0,"34":0,"35":0,"36":0,"37":0,"38":0,"39":1,"40":1,"41":1,"42":0,"43":3,"44":0,"45":0},"f":{"0":6,"1":1,"2":5,"3":0,"4":1,"5":0},"b":{"0":[1,4],"1":[1,3],"2":[2,1],"3":[0,1],"4":[0,0],"5":[0,0]},"_coverageSchema":"1a1c01bbd47fc00a2c39e90264f33305004495a9","hash":"85f0bd82a3d80280a49d822be7d690aef7cb78c4"}
,"D:\\BootcampHacktiv8\\phase-2\\IP-HCK65\\server\\controllers\\youtubeController.js": {"path":"D:\\BootcampHacktiv8\\phase-2\\IP-HCK65\\server\\controllers\\youtubeController.js","statementMap":{"0":{"start":{"line":1,"column":12},"end":{"line":1,"column":28}},"1":{"start":{"line":5,"column":4},"end":{"line":38,"column":5}},"2":{"start":{"line":6,"column":17},"end":{"line":14,"column":8}},"3":{"start":{"line":15,"column":21},"end":{"line":15,"column":44}},"4":{"start":{"line":17,"column":21},"end":{"line":17,"column":23}},"5":{"start":{"line":19,"column":6},"end":{"line":34,"column":9}},"6":{"start":{"line":20,"column":8},"end":{"line":33,"column":9}},"7":{"start":{"line":21,"column":10},"end":{"line":32,"column":13}},"8":{"start":{"line":35,"column":6},"end":{"line":35,"column":44}},"9":{"start":{"line":37,"column":6},"end":{"line":37,"column":18}},"10":{"start":{"line":42,"column":4},"end":{"line":75,"column":5}},"11":{"start":{"line":43,"column":17},"end":{"line":51,"column":8}},"12":{"start":{"line":52,"column":21},"end":{"line":52,"column":44}},"13":{"start":{"line":54,"column":21},"end":{"line":54,"column":23}},"14":{"start":{"line":56,"column":6},"end":{"line":71,"column":9}},"15":{"start":{"line":57,"column":8},"end":{"line":70,"column":9}},"16":{"start":{"line":58,"column":10},"end":{"line":69,"column":13}},"17":{"start":{"line":72,"column":6},"end":{"line":72,"column":37}},"18":{"start":{"line":74,"column":6},"end":{"line":74,"column":18}},"19":{"start":{"line":79,"column":4},"end":{"line":115,"column":5}},"20":{"start":{"line":80,"column":19},"end":{"line":80,"column":36}},"21":{"start":{"line":81,"column":6},"end":{"line":81,"column":34}},"22":{"start":{"line":82,"column":17},"end":{"line":90,"column":8}},"23":{"start":{"line":91,"column":21},"end":{"line":91,"column":44}},"24":{"start":{"line":93,"column":21},"end":{"line":93,"column":23}},"25":{"start":{"line":95,"column":6},"end":{"line":110,"column":9}},"26":{"start":{"line":96,"column":8},"end":{"line":109,"column":9}},"27":{"start":{"line":97,"column":10},"end":{"line":108,"column":13}},"28":{"start":{"line":112,"column":6},"end":{"line":112,"column":37}},"29":{"start":{"line":114,"column":6},"end":{"line":114,"column":18}},"30":{"start":{"line":119,"column":4},"end":{"line":148,"column":5}},"31":{"start":{"line":120,"column":15},"end":{"line":120,"column":28}},"32":{"start":{"line":121,"column":17},"end":{"line":129,"column":8}},"33":{"start":{"line":130,"column":21},"end":{"line":144,"column":7}},"34":{"start":{"line":145,"column":6},"end":{"line":145,"column":37}},"35":{"start":{"line":147,"column":6},"end":{"line":147,"column":18}},"36":{"start":{"line":152,"column":4},"end":{"line":182,"column":5}},"37":{"start":{"line":153,"column":15},"end":{"line":153,"column":28}},"38":{"start":{"line":154,"column":17},"end":{"line":162,"column":8}},"39":{"start":{"line":163,"column":21},"end":{"line":163,"column":44}},"40":{"start":{"line":165,"column":21},"end":{"line":165,"column":23}},"41":{"start":{"line":167,"column":6},"end":{"line":175,"column":9}},"42":{"start":{"line":168,"column":8},"end":{"line":174,"column":11}},"43":{"start":{"line":176,"column":6},"end":{"line":179,"column":9}},"44":{"start":{"line":181,"column":6},"end":{"line":181,"column":18}},"45":{"start":{"line":186,"column":4},"end":{"line":212,"column":5}},"46":{"start":{"line":187,"column":15},"end":{"line":187,"column":28}},"47":{"start":{"line":188,"column":17},"end":{"line":196,"column":8}},"48":{"start":{"line":197,"column":21},"end":{"line":208,"column":7}},"49":{"start":{"line":209,"column":6},"end":{"line":209,"column":37}},"50":{"start":{"line":211,"column":6},"end":{"line":211,"column":18}},"51":{"start":{"line":216,"column":4},"end":{"line":251,"column":5}},"52":{"start":{"line":217,"column":15},"end":{"line":217,"column":28}},"53":{"start":{"line":218,"column":17},"end":{"line":226,"column":8}},"54":{"start":{"line":227,"column":21},"end":{"line":227,"column":44}},"55":{"start":{"line":229,"column":21},"end":{"line":229,"column":23}},"56":{"start":{"line":231,"column":6},"end":{"line":247,"column":9}},"57":{"start":{"line":232,"column":8},"end":{"line":246,"column":9}},"58":{"start":{"line":233,"column":10},"end":{"line":245,"column":13}},"59":{"start":{"line":248,"column":6},"end":{"line":248,"column":37}},"60":{"start":{"line":250,"column":6},"end":{"line":250,"column":18}},"61":{"start":{"line":255,"column":0},"end":{"line":255,"column":28}}},"fnMap":{"0":{"name":"(anonymous_0)","decl":{"start":{"line":4,"column":2},"end":{"line":4,"column":3}},"loc":{"start":{"line":4,"column":47},"end":{"line":39,"column":3}},"line":4},"1":{"name":"(anonymous_1)","decl":{"start":{"line":19,"column":23},"end":{"line":19,"column":24}},"loc":{"start":{"line":19,"column":31},"end":{"line":34,"column":7}},"line":19},"2":{"name":"(anonymous_2)","decl":{"start":{"line":41,"column":2},"end":{"line":41,"column":3}},"loc":{"start":{"line":41,"column":42},"end":{"line":76,"column":3}},"line":41},"3":{"name":"(anonymous_3)","decl":{"start":{"line":56,"column":23},"end":{"line":56,"column":24}},"loc":{"start":{"line":56,"column":31},"end":{"line":71,"column":7}},"line":56},"4":{"name":"(anonymous_4)","decl":{"start":{"line":78,"column":2},"end":{"line":78,"column":3}},"loc":{"start":{"line":78,"column":38},"end":{"line":116,"column":3}},"line":78},"5":{"name":"(anonymous_5)","decl":{"start":{"line":95,"column":23},"end":{"line":95,"column":24}},"loc":{"start":{"line":95,"column":31},"end":{"line":110,"column":7}},"line":95},"6":{"name":"(anonymous_6)","decl":{"start":{"line":118,"column":2},"end":{"line":118,"column":3}},"loc":{"start":{"line":118,"column":43},"end":{"line":149,"column":3}},"line":118},"7":{"name":"(anonymous_7)","decl":{"start":{"line":151,"column":2},"end":{"line":151,"column":3}},"loc":{"start":{"line":151,"column":40},"end":{"line":183,"column":3}},"line":151},"8":{"name":"(anonymous_8)","decl":{"start":{"line":167,"column":23},"end":{"line":167,"column":24}},"loc":{"start":{"line":167,"column":31},"end":{"line":175,"column":7}},"line":167},"9":{"name":"(anonymous_9)","decl":{"start":{"line":185,"column":2},"end":{"line":185,"column":3}},"loc":{"start":{"line":185,"column":45},"end":{"line":213,"column":3}},"line":185},"10":{"name":"(anonymous_10)","decl":{"start":{"line":215,"column":2},"end":{"line":215,"column":3}},"loc":{"start":{"line":215,"column":45},"end":{"line":252,"column":3}},"line":215},"11":{"name":"(anonymous_11)","decl":{"start":{"line":231,"column":23},"end":{"line":231,"column":24}},"loc":{"start":{"line":231,"column":31},"end":{"line":247,"column":7}},"line":231}},"branchMap":{"0":{"loc":{"start":{"line":20,"column":8},"end":{"line":33,"column":9}},"type":"if","locations":[{"start":{"line":20,"column":8},"end":{"line":33,"column":9}},{"start":{},"end":{}}],"line":20},"1":{"loc":{"start":{"line":57,"column":8},"end":{"line":70,"column":9}},"type":"if","locations":[{"start":{"line":57,"column":8},"end":{"line":70,"column":9}},{"start":{},"end":{}}],"line":57},"2":{"loc":{"start":{"line":96,"column":8},"end":{"line":109,"column":9}},"type":"if","locations":[{"start":{"line":96,"column":8},"end":{"line":109,"column":9}},{"start":{},"end":{}}],"line":96},"3":{"loc":{"start":{"line":232,"column":8},"end":{"line":246,"column":9}},"type":"if","locations":[{"start":{"line":232,"column":8},"end":{"line":246,"column":9}},{"start":{},"end":{}}],"line":232}},"s":{"0":3,"1":1,"2":1,"3":1,"4":1,"5":1,"6":43,"7":43,"8":1,"9":0,"10":1,"11":1,"12":1,"13":1,"14":1,"15":31,"16":28,"17":1,"18":0,"19":0,"20":0,"21":0,"22":0,"23":0,"24":0,"25":0,"26":0,"27":0,"28":0,"29":0,"30":1,"31":1,"32":1,"33":0,"34":0,"35":1,"36":1,"37":1,"38":1,"39":1,"40":1,"41":1,"42":0,"43":1,"44":0,"45":0,"46":0,"47":0,"48":0,"49":0,"50":0,"51":2,"52":2,"53":2,"54":2,"55":2,"56":2,"57":0,"58":0,"59":2,"60":0,"61":3},"f":{"0":1,"1":43,"2":1,"3":31,"4":0,"5":0,"6":1,"7":1,"8":0,"9":0,"10":2,"11":0},"b":{"0":[43,0],"1":[28,3],"2":[0,0],"3":[0,0]},"_coverageSchema":"1a1c01bbd47fc00a2c39e90264f33305004495a9","hash":"f696bcfeb24f8f68846eaaff9e0a223960045dcb"}
,"D:\\BootcampHacktiv8\\phase-2\\IP-HCK65\\server\\helpers\\bcrypt.js": {"path":"D:\\BootcampHacktiv8\\phase-2\\IP-HCK65\\server\\helpers\\bcrypt.js","statementMap":{"0":{"start":{"line":1,"column":15},"end":{"line":1,"column":34}},"1":{"start":{"line":2,"column":13},"end":{"line":2,"column":35}},"2":{"start":{"line":5,"column":4},"end":{"line":5,"column":43}},"3":{"start":{"line":9,"column":4},"end":{"line":9,"column":54}},"4":{"start":{"line":12,"column":0},"end":{"line":15,"column":1}}},"fnMap":{"0":{"name":"hashPassword","decl":{"start":{"line":4,"column":9},"end":{"line":4,"column":21}},"loc":{"start":{"line":4,"column":32},"end":{"line":6,"column":1}},"line":4},"1":{"name":"comparePassword","decl":{"start":{"line":8,"column":9},"end":{"line":8,"column":24}},"loc":{"start":{"line":8,"column":49},"end":{"line":10,"column":1}},"line":8}},"branchMap":{},"s":{"0":3,"1":3,"2":3,"3":1,"4":3},"f":{"0":3,"1":1},"b":{},"_coverageSchema":"1a1c01bbd47fc00a2c39e90264f33305004495a9","hash":"ef2d7f82fbb5b63b20d2a3013d2421e3a0051b94"}
,"D:\\BootcampHacktiv8\\phase-2\\IP-HCK65\\server\\helpers\\jwt.js": {"path":"D:\\BootcampHacktiv8\\phase-2\\IP-HCK65\\server\\helpers\\jwt.js","statementMap":{"0":{"start":{"line":1,"column":12},"end":{"line":1,"column":35}},"1":{"start":{"line":2,"column":19},"end":{"line":2,"column":41}},"2":{"start":{"line":4,"column":18},"end":{"line":6,"column":1}},"3":{"start":{"line":5,"column":4},"end":{"line":5,"column":40}},"4":{"start":{"line":8,"column":20},"end":{"line":10,"column":1}},"5":{"start":{"line":9,"column":4},"end":{"line":9,"column":42}},"6":{"start":{"line":12,"column":0},"end":{"line":15,"column":1}}},"fnMap":{"0":{"name":"(anonymous_0)","decl":{"start":{"line":4,"column":18},"end":{"line":4,"column":19}},"loc":{"start":{"line":4,"column":31},"end":{"line":6,"column":1}},"line":4},"1":{"name":"(anonymous_1)","decl":{"start":{"line":8,"column":20},"end":{"line":8,"column":21}},"loc":{"start":{"line":8,"column":33},"end":{"line":10,"column":1}},"line":8}},"branchMap":{},"s":{"0":3,"1":3,"2":3,"3":2,"4":3,"5":3,"6":3},"f":{"0":2,"1":3},"b":{},"_coverageSchema":"1a1c01bbd47fc00a2c39e90264f33305004495a9","hash":"7f1bd3ffd3225e5bf733ea9bd472afdc429bb119"}
,"D:\\BootcampHacktiv8\\phase-2\\IP-HCK65\\server\\middlewares\\authentication.js": {"path":"D:\\BootcampHacktiv8\\phase-2\\IP-HCK65\\server\\middlewares\\authentication.js","statementMap":{"0":{"start":{"line":1,"column":24},"end":{"line":1,"column":49}},"1":{"start":{"line":2,"column":17},"end":{"line":2,"column":37}},"2":{"start":{"line":3,"column":0},"end":{"line":37,"column":68}},"3":{"start":{"line":4,"column":4},"end":{"line":29,"column":5}},"4":{"start":{"line":5,"column":20},"end":{"line":5,"column":45}},"5":{"start":{"line":7,"column":28},"end":{"line":7,"column":89}},"6":{"start":{"line":8,"column":8},"end":{"line":10,"column":9}},"7":{"start":{"line":9,"column":12},"end":{"line":9,"column":43}},"8":{"start":{"line":12,"column":8},"end":{"line":14,"column":9}},"9":{"start":{"line":13,"column":12},"end":{"line":13,"column":43}},"10":{"start":{"line":16,"column":8},"end":{"line":16,"column":30}},"11":{"start":{"line":17,"column":22},"end":{"line":17,"column":40}},"12":{"start":{"line":18,"column":19},"end":{"line":18,"column":50}},"13":{"start":{"line":19,"column":8},"end":{"line":21,"column":9}},"14":{"start":{"line":20,"column":12},"end":{"line":20,"column":42}},"15":{"start":{"line":22,"column":8},"end":{"line":24,"column":9}},"16":{"start":{"line":25,"column":8},"end":{"line":25,"column":14}},"17":{"start":{"line":28,"column":8},"end":{"line":28,"column":19}},"18":{"start":{"line":37,"column":85},"end":{"line":37,"column":37619}},"19":{"start":{"line":37,"column":89},"end":{"line":37,"column":37608}}},"fnMap":{"0":{"name":"authenticate","decl":{"start":{"line":3,"column":32},"end":{"line":3,"column":44}},"loc":{"start":{"line":3,"column":61},"end":{"line":30,"column":1}},"line":3},"1":{"name":"oo_cm","decl":{"start":{"line":37,"column":77},"end":{"line":37,"column":82}},"loc":{"start":{"line":37,"column":84},"end":{"line":37,"column":37620}},"line":37}},"branchMap":{"0":{"loc":{"start":{"line":8,"column":8},"end":{"line":10,"column":9}},"type":"if","locations":[{"start":{"line":8,"column":8},"end":{"line":10,"column":9}},{"start":{},"end":{}}],"line":8},"1":{"loc":{"start":{"line":12,"column":8},"end":{"line":14,"column":9}},"type":"if","locations":[{"start":{"line":12,"column":8},"end":{"line":14,"column":9}},{"start":{},"end":{}}],"line":12},"2":{"loc":{"start":{"line":19,"column":8},"end":{"line":21,"column":9}},"type":"if","locations":[{"start":{"line":19,"column":8},"end":{"line":21,"column":9}},{"start":{},"end":{}}],"line":19},"3":{"loc":{"start":{"line":37,"column":96},"end":{"line":37,"column":37607}},"type":"binary-expr","locations":[{"start":{"line":37,"column":96},"end":{"line":37,"column":133}},{"start":{"line":37,"column":137},"end":{"line":37,"column":37607}}],"line":37}},"s":{"0":3,"1":3,"2":3,"3":3,"4":3,"5":3,"6":3,"7":0,"8":3,"9":0,"10":3,"11":3,"12":3,"13":3,"14":0,"15":3,"16":3,"17":0,"18":3,"19":3},"f":{"0":3,"1":3},"b":{"0":[0,3],"1":[0,3],"2":[0,3],"3":[3,1]},"_coverageSchema":"1a1c01bbd47fc00a2c39e90264f33305004495a9","hash":"42e174e91c0612697cd9b6d8902c31459636da0d"}
,"D:\\BootcampHacktiv8\\phase-2\\IP-HCK65\\server\\middlewares\\errorHandler.js": {"path":"D:\\BootcampHacktiv8\\phase-2\\IP-HCK65\\server\\middlewares\\errorHandler.js","statementMap":{"0":{"start":{"line":1,"column":21},"end":{"line":31,"column":1}},"1":{"start":{"line":2,"column":17},"end":{"line":2,"column":36}},"2":{"start":{"line":3,"column":18},"end":{"line":3,"column":58}},"3":{"start":{"line":5,"column":4},"end":{"line":30,"column":5}},"4":{"start":{"line":7,"column":12},"end":{"line":7,"column":64}},"5":{"start":{"line":8,"column":12},"end":{"line":8,"column":18}},"6":{"start":{"line":10,"column":12},"end":{"line":10,"column":24}},"7":{"start":{"line":11,"column":12},"end":{"line":11,"column":48}},"8":{"start":{"line":12,"column":12},"end":{"line":12,"column":18}},"9":{"start":{"line":15,"column":12},"end":{"line":15,"column":57}},"10":{"start":{"line":16,"column":12},"end":{"line":16,"column":18}},"11":{"start":{"line":19,"column":12},"end":{"line":19,"column":49}},"12":{"start":{"line":20,"column":12},"end":{"line":20,"column":18}},"13":{"start":{"line":22,"column":12},"end":{"line":22,"column":58}},"14":{"start":{"line":23,"column":12},"end":{"line":23,"column":18}},"15":{"start":{"line":25,"column":12},"end":{"line":25,"column":50}},"16":{"start":{"line":26,"column":12},"end":{"line":26,"column":18}},"17":{"start":{"line":28,"column":12},"end":{"line":28,"column":44}},"18":{"start":{"line":29,"column":12},"end":{"line":29,"column":18}},"19":{"start":{"line":33,"column":18},"end":{"line":35,"column":1}},"20":{"start":{"line":34,"column":4},"end":{"line":34,"column":41}},"21":{"start":{"line":37,"column":0},"end":{"line":37,"column":45}}},"fnMap":{"0":{"name":"(anonymous_0)","decl":{"start":{"line":1,"column":21},"end":{"line":1,"column":22}},"loc":{"start":{"line":1,"column":48},"end":{"line":31,"column":1}},"line":1},"1":{"name":"(anonymous_1)","decl":{"start":{"line":33,"column":18},"end":{"line":33,"column":19}},"loc":{"start":{"line":33,"column":44},"end":{"line":35,"column":1}},"line":33}},"branchMap":{"0":{"loc":{"start":{"line":2,"column":17},"end":{"line":2,"column":36}},"type":"binary-expr","locations":[{"start":{"line":2,"column":17},"end":{"line":2,"column":29}},{"start":{"line":2,"column":33},"end":{"line":2,"column":36}}],"line":2},"1":{"loc":{"start":{"line":3,"column":18},"end":{"line":3,"column":58}},"type":"binary-expr","locations":[{"start":{"line":3,"column":18},"end":{"line":3,"column":31}},{"start":{"line":3,"column":35},"end":{"line":3,"column":58}}],"line":3},"2":{"loc":{"start":{"line":5,"column":4},"end":{"line":30,"column":5}},"type":"switch","locations":[{"start":{"line":6,"column":8},"end":{"line":8,"column":18}},{"start":{"line":9,"column":8},"end":{"line":12,"column":18}},{"start":{"line":13,"column":8},"end":{"line":13,"column":40}},{"start":{"line":14,"column":8},"end":{"line":16,"column":18}},{"start":{"line":17,"column":8},"end":{"line":17,"column":28}},{"start":{"line":18,"column":8},"end":{"line":20,"column":18}},{"start":{"line":21,"column":8},"end":{"line":23,"column":18}},{"start":{"line":24,"column":8},"end":{"line":26,"column":18}},{"start":{"line":27,"column":8},"end":{"line":29,"column":18}}],"line":5},"3":{"loc":{"start":{"line":7,"column":32},"end":{"line":7,"column":62}},"type":"binary-expr","locations":[{"start":{"line":7,"column":32},"end":{"line":7,"column":45}},{"start":{"line":7,"column":49},"end":{"line":7,"column":62}}],"line":7}},"s":{"0":4,"1":12,"2":12,"3":12,"4":3,"5":3,"6":2,"7":2,"8":2,"9":5,"10":5,"11":0,"12":0,"13":0,"14":0,"15":0,"16":0,"17":2,"18":2,"19":4,"20":12,"21":4},"f":{"0":12,"1":12},"b":{"0":[12,11],"1":[12,0],"2":[3,2,5,5,0,0,0,0,2],"3":[3,0]},"_coverageSchema":"1a1c01bbd47fc00a2c39e90264f33305004495a9","hash":"b9ae62a0f68eef06b811f16a46dac62f79733ce5"}
,"D:\\BootcampHacktiv8\\phase-2\\IP-HCK65\\server\\models\\favorite.js": {"path":"D:\\BootcampHacktiv8\\phase-2\\IP-HCK65\\server\\models\\favorite.js","statementMap":{"0":{"start":{"line":4,"column":4},"end":{"line":4,"column":24}},"1":{"start":{"line":5,"column":0},"end":{"line":37,"column":2}},"2":{"start":{"line":15,"column":6},"end":{"line":17,"column":8}},"3":{"start":{"line":20,"column":2},"end":{"line":35,"column":5}},"4":{"start":{"line":36,"column":2},"end":{"line":36,"column":18}}},"fnMap":{"0":{"name":"(anonymous_0)","decl":{"start":{"line":5,"column":17},"end":{"line":5,"column":18}},"loc":{"start":{"line":5,"column":43},"end":{"line":37,"column":1}},"line":5},"1":{"name":"(anonymous_1)","decl":{"start":{"line":12,"column":4},"end":{"line":12,"column":5}},"loc":{"start":{"line":12,"column":29},"end":{"line":18,"column":5}},"line":12}},"branchMap":{},"s":{"0":3,"1":3,"2":3,"3":3,"4":3},"f":{"0":3,"1":3},"b":{},"_coverageSchema":"1a1c01bbd47fc00a2c39e90264f33305004495a9","hash":"eeddd4e0b61712e11d0e5356ad35902cf8e7aa41"}
,"D:\\BootcampHacktiv8\\phase-2\\IP-HCK65\\server\\models\\index.js": {"path":"D:\\BootcampHacktiv8\\phase-2\\IP-HCK65\\server\\models\\index.js","statementMap":{"0":{"start":{"line":3,"column":11},"end":{"line":3,"column":24}},"1":{"start":{"line":4,"column":13},"end":{"line":4,"column":28}},"2":{"start":{"line":5,"column":18},"end":{"line":5,"column":38}},"3":{"start":{"line":6,"column":16},"end":{"line":6,"column":34}},"4":{"start":{"line":7,"column":17},"end":{"line":7,"column":42}},"5":{"start":{"line":8,"column":12},"end":{"line":8,"column":49}},"6":{"start":{"line":9,"column":15},"end":{"line":9,"column":65}},"7":{"start":{"line":10,"column":11},"end":{"line":10,"column":13}},"8":{"start":{"line":13,"column":0},"end":{"line":17,"column":1}},"9":{"start":{"line":14,"column":2},"end":{"line":14,"column":74}},"10":{"start":{"line":16,"column":2},"end":{"line":16,"column":87}},"11":{"start":{"line":19,"column":0},"end":{"line":32,"column":5}},"12":{"start":{"line":22,"column":4},"end":{"line":27,"column":6}},"13":{"start":{"line":30,"column":18},"end":{"line":30,"column":85}},"14":{"start":{"line":31,"column":4},"end":{"line":31,"column":27}},"15":{"start":{"line":34,"column":0},"end":{"line":38,"column":3}},"16":{"start":{"line":35,"column":2},"end":{"line":37,"column":3}},"17":{"start":{"line":36,"column":4},"end":{"line":36,"column":32}},"18":{"start":{"line":40,"column":0},"end":{"line":40,"column":25}},"19":{"start":{"line":41,"column":0},"end":{"line":41,"column":25}},"20":{"start":{"line":43,"column":0},"end":{"line":43,"column":20}}},"fnMap":{"0":{"name":"(anonymous_0)","decl":{"start":{"line":21,"column":10},"end":{"line":21,"column":11}},"loc":{"start":{"line":21,"column":18},"end":{"line":28,"column":3}},"line":21},"1":{"name":"(anonymous_1)","decl":{"start":{"line":29,"column":11},"end":{"line":29,"column":12}},"loc":{"start":{"line":29,"column":19},"end":{"line":32,"column":3}},"line":29},"2":{"name":"(anonymous_2)","decl":{"start":{"line":34,"column":24},"end":{"line":34,"column":25}},"loc":{"start":{"line":34,"column":37},"end":{"line":38,"column":1}},"line":34}},"branchMap":{"0":{"loc":{"start":{"line":8,"column":12},"end":{"line":8,"column":49}},"type":"binary-expr","locations":[{"start":{"line":8,"column":12},"end":{"line":8,"column":32}},{"start":{"line":8,"column":36},"end":{"line":8,"column":49}}],"line":8},"1":{"loc":{"start":{"line":13,"column":0},"end":{"line":17,"column":1}},"type":"if","locations":[{"start":{"line":13,"column":0},"end":{"line":17,"column":1}},{"start":{"line":15,"column":7},"end":{"line":17,"column":1}}],"line":13},"2":{"loc":{"start":{"line":23,"column":6},"end":{"line":26,"column":37}},"type":"binary-expr","locations":[{"start":{"line":23,"column":6},"end":{"line":23,"column":29}},{"start":{"line":24,"column":6},"end":{"line":24,"column":23}},{"start":{"line":25,"column":6},"end":{"line":25,"column":30}},{"start":{"line":26,"column":6},"end":{"line":26,"column":37}}],"line":23},"3":{"loc":{"start":{"line":35,"column":2},"end":{"line":37,"column":3}},"type":"if","locations":[{"start":{"line":35,"column":2},"end":{"line":37,"column":3}},{"start":{},"end":{}}],"line":35}},"s":{"0":3,"1":3,"2":3,"3":3,"4":3,"5":3,"6":3,"7":3,"8":3,"9":0,"10":3,"11":3,"12":9,"13":6,"14":6,"15":3,"16":6,"17":6,"18":3,"19":3,"20":3},"f":{"0":9,"1":6,"2":6},"b":{"0":[3,0],"1":[0,3],"2":[9,9,6,6],"3":[6,0]},"_coverageSchema":"1a1c01bbd47fc00a2c39e90264f33305004495a9","hash":"a80c26ee9fc833b2841840fd0e012163654acfb8"}
,"D:\\BootcampHacktiv8\\phase-2\\IP-HCK65\\server\\models\\user.js": {"path":"D:\\BootcampHacktiv8\\phase-2\\IP-HCK65\\server\\models\\user.js","statementMap":{"0":{"start":{"line":3,"column":25},"end":{"line":3,"column":53}},"1":{"start":{"line":6,"column":4},"end":{"line":6,"column":24}},"2":{"start":{"line":7,"column":0},"end":{"line":80,"column":2}},"3":{"start":{"line":16,"column":6},"end":{"line":18,"column":8}},"4":{"start":{"line":21,"column":2},"end":{"line":74,"column":5}},"5":{"start":{"line":75,"column":2},"end":{"line":78,"column":5}},"6":{"start":{"line":76,"column":27},"end":{"line":76,"column":54}},"7":{"start":{"line":77,"column":4},"end":{"line":77,"column":35}},"8":{"start":{"line":79,"column":2},"end":{"line":79,"column":14}}},"fnMap":{"0":{"name":"(anonymous_0)","decl":{"start":{"line":7,"column":17},"end":{"line":7,"column":18}},"loc":{"start":{"line":7,"column":43},"end":{"line":80,"column":1}},"line":7},"1":{"name":"(anonymous_1)","decl":{"start":{"line":14,"column":4},"end":{"line":14,"column":5}},"loc":{"start":{"line":14,"column":29},"end":{"line":19,"column":5}},"line":14},"2":{"name":"(anonymous_2)","decl":{"start":{"line":75,"column":21},"end":{"line":75,"column":22}},"loc":{"start":{"line":75,"column":40},"end":{"line":78,"column":3}},"line":75}},"branchMap":{},"s":{"0":3,"1":3,"2":3,"3":3,"4":3,"5":3,"6":2,"7":2,"8":3},"f":{"0":3,"1":3,"2":2},"b":{},"_coverageSchema":"1a1c01bbd47fc00a2c39e90264f33305004495a9","hash":"4b349437b8522c08e881b2f2bb71e39a9bcbf54a"}
,"D:\\BootcampHacktiv8\\phase-2\\IP-HCK65\\server\\routes\\favoriteRouter.js": {"path":"D:\\BootcampHacktiv8\\phase-2\\IP-HCK65\\server\\routes\\favoriteRouter.js","statementMap":{"0":{"start":{"line":1,"column":27},"end":{"line":1,"column":71}},"1":{"start":{"line":2,"column":23},"end":{"line":2,"column":63}},"2":{"start":{"line":5,"column":23},"end":{"line":5,"column":50}},"3":{"start":{"line":7,"column":0},"end":{"line":7,"column":67}},"4":{"start":{"line":8,"column":0},"end":{"line":8,"column":73}},"5":{"start":{"line":9,"column":0},"end":{"line":9,"column":85}},"6":{"start":{"line":10,"column":0},"end":{"line":10,"column":65}},"7":{"start":{"line":14,"column":0},"end":{"line":14,"column":31}}},"fnMap":{},"branchMap":{},"s":{"0":3,"1":3,"2":3,"3":3,"4":3,"5":3,"6":3,"7":3},"f":{},"b":{},"_coverageSchema":"1a1c01bbd47fc00a2c39e90264f33305004495a9","hash":"2e0bf8bac9c15939789215e93e549db1235b8108"}
,"D:\\BootcampHacktiv8\\phase-2\\IP-HCK65\\server\\routes\\index.js": {"path":"D:\\BootcampHacktiv8\\phase-2\\IP-HCK65\\server\\routes\\index.js","statementMap":{"0":{"start":{"line":1,"column":17},"end":{"line":1,"column":44}},"1":{"start":{"line":2,"column":13},"end":{"line":2,"column":36}},"2":{"start":{"line":3,"column":16},"end":{"line":3,"column":42}},"3":{"start":{"line":5,"column":15},"end":{"line":5,"column":42}},"4":{"start":{"line":7,"column":0},"end":{"line":7,"column":26}},"5":{"start":{"line":8,"column":0},"end":{"line":8,"column":31}},"6":{"start":{"line":9,"column":0},"end":{"line":9,"column":33}},"7":{"start":{"line":11,"column":0},"end":{"line":11,"column":23}}},"fnMap":{},"branchMap":{},"s":{"0":3,"1":3,"2":3,"3":3,"4":3,"5":3,"6":3,"7":3},"f":{},"b":{},"_coverageSchema":"1a1c01bbd47fc00a2c39e90264f33305004495a9","hash":"73ee512108f56c45dec6e3a485be06b995f15d82"}
,"D:\\BootcampHacktiv8\\phase-2\\IP-HCK65\\server\\routes\\userRouter.js": {"path":"D:\\BootcampHacktiv8\\phase-2\\IP-HCK65\\server\\routes\\userRouter.js","statementMap":{"0":{"start":{"line":1,"column":23},"end":{"line":1,"column":63}},"1":{"start":{"line":3,"column":19},"end":{"line":3,"column":46}},"2":{"start":{"line":5,"column":0},"end":{"line":5,"column":53}},"3":{"start":{"line":6,"column":0},"end":{"line":6,"column":47}},"4":{"start":{"line":7,"column":0},"end":{"line":7,"column":60}},"5":{"start":{"line":8,"column":0},"end":{"line":8,"column":47}},"6":{"start":{"line":9,"column":0},"end":{"line":9,"column":50}},"7":{"start":{"line":12,"column":0},"end":{"line":12,"column":27}}},"fnMap":{},"branchMap":{},"s":{"0":3,"1":3,"2":3,"3":3,"4":3,"5":3,"6":3,"7":3},"f":{},"b":{},"_coverageSchema":"1a1c01bbd47fc00a2c39e90264f33305004495a9","hash":"92953ffcead6defdffaae9c57d338c36a936fccc"}
,"D:\\BootcampHacktiv8\\phase-2\\IP-HCK65\\server\\routes\\youtubeRouter.js": {"path":"D:\\BootcampHacktiv8\\phase-2\\IP-HCK65\\server\\routes\\youtubeRouter.js","statementMap":{"0":{"start":{"line":1,"column":19},"end":{"line":1,"column":62}},"1":{"start":{"line":3,"column":22},"end":{"line":3,"column":49}},"2":{"start":{"line":5,"column":0},"end":{"line":5,"column":58}},"3":{"start":{"line":6,"column":0},"end":{"line":6,"column":52}},"4":{"start":{"line":7,"column":0},"end":{"line":7,"column":57}},"5":{"start":{"line":8,"column":0},"end":{"line":8,"column":55}},"6":{"start":{"line":9,"column":0},"end":{"line":9,"column":57}},"7":{"start":{"line":10,"column":0},"end":{"line":10,"column":55}},"8":{"start":{"line":13,"column":0},"end":{"line":13,"column":30}}},"fnMap":{},"branchMap":{},"s":{"0":3,"1":3,"2":3,"3":3,"4":3,"5":3,"6":3,"7":3,"8":3},"f":{},"b":{},"_coverageSchema":"1a1c01bbd47fc00a2c39e90264f33305004495a9","hash":"36bc2017eb23ae7a644c012700ef49a3c244aa43"}
}
