TN:
SF:app.js
FNF:0
FNH:0
DA:1,3
DA:2,3
DA:5,3
DA:6,3
DA:7,3
DA:8,3
DA:10,3
DA:12,3
DA:13,3
DA:14,3
DA:16,3
DA:17,3
DA:20,3
LF:13
LH:13
BRDA:1,0,0,3
BRDA:1,0,1,0
BRF:2
BRH:1
end_of_record
TN:
SF:controllers\favoriteController.js
FN:5,(anonymous_0)
FN:14,(anonymous_1)
FN:29,(anonymous_2)
FN:45,(anonymous_3)
FNF:4
FNH:4
FNDA:1,(anonymous_0)
FNDA:1,(anonymous_1)
FNDA:1,(anonymous_2)
FNDA:1,(anonymous_3)
DA:1,3
DA:6,1
DA:7,1
DA:8,1
DA:10,0
DA:15,1
DA:16,1
DA:17,1
DA:23,1
DA:25,0
DA:30,1
DA:31,1
DA:34,1
DA:35,1
DA:36,1
DA:41,0
DA:46,1
DA:47,1
DA:49,1
DA:54,1
DA:58,0
DA:87,3
LF:22
LH:18
BRF:0
BRH:0
end_of_record
TN:
SF:controllers\userController.js
FN:11,(anonymous_0)
FN:22,main
FN:46,(anonymous_2)
FN:87,(anonymous_3)
FN:124,(anonymous_4)
FN:143,oo_cm
FNF:6
FNH:4
FNDA:6,(anonymous_0)
FNDA:1,main
FNDA:5,(anonymous_2)
FNDA:0,(anonymous_3)
FNDA:1,(anonymous_4)
FNDA:0,oo_cm
DA:1,3
DA:2,3
DA:3,3
DA:4,3
DA:6,3
DA:7,3
DA:12,6
DA:13,6
DA:14,6
DA:15,1
DA:24,1
DA:31,0
DA:33,1
DA:35,1
DA:42,5
DA:47,5
DA:48,5
DA:49,5
DA:50,1
DA:55,4
DA:56,1
DA:61,3
DA:66,3
DA:67,2
DA:72,1
DA:73,1
DA:74,0
DA:79,1
DA:81,1
DA:83,4
DA:88,0
DA:89,0
DA:90,0
DA:92,0
DA:96,0
DA:98,0
DA:111,0
DA:113,0
DA:120,0
DA:125,1
DA:126,1
DA:129,1
DA:131,0
DA:136,3
DA:143,0
LF:45
LH:32
BRDA:49,0,0,1
BRDA:49,0,1,4
BRDA:55,1,0,1
BRDA:55,1,1,3
BRDA:66,2,0,2
BRDA:66,2,1,1
BRDA:73,3,0,0
BRDA:73,3,1,1
BRDA:113,4,0,0
BRDA:113,4,1,0
BRDA:143,5,0,0
BRDA:143,5,1,0
BRF:12
BRH:7
end_of_record
TN:
SF:controllers\youtubeController.js
FN:4,(anonymous_0)
FN:19,(anonymous_1)
FN:41,(anonymous_2)
FN:56,(anonymous_3)
FN:78,(anonymous_4)
FN:95,(anonymous_5)
FN:118,(anonymous_6)
FN:151,(anonymous_7)
FN:167,(anonymous_8)
FN:185,(anonymous_9)
FN:215,(anonymous_10)
FN:231,(anonymous_11)
FNF:12
FNH:7
FNDA:1,(anonymous_0)
FNDA:43,(anonymous_1)
FNDA:1,(anonymous_2)
FNDA:31,(anonymous_3)
FNDA:0,(anonymous_4)
FNDA:0,(anonymous_5)
FNDA:1,(anonymous_6)
FNDA:1,(anonymous_7)
FNDA:0,(anonymous_8)
FNDA:0,(anonymous_9)
FNDA:2,(anonymous_10)
FNDA:0,(anonymous_11)
DA:1,3
DA:5,1
DA:6,1
DA:15,1
DA:17,1
DA:19,1
DA:20,43
DA:21,43
DA:35,1
DA:37,0
DA:42,1
DA:43,1
DA:52,1
DA:54,1
DA:56,1
DA:57,31
DA:58,28
DA:72,1
DA:74,0
DA:79,0
DA:80,0
DA:81,0
DA:82,0
DA:91,0
DA:93,0
DA:95,0
DA:96,0
DA:97,0
DA:112,0
DA:114,0
DA:119,1
DA:120,1
DA:121,1
DA:130,0
DA:145,0
DA:147,1
DA:152,1
DA:153,1
DA:154,1
DA:163,1
DA:165,1
DA:167,1
DA:168,0
DA:176,1
DA:181,0
DA:186,0
DA:187,0
DA:188,0
DA:197,0
DA:209,0
DA:211,0
DA:216,2
DA:217,2
DA:218,2
DA:227,2
DA:229,2
DA:231,2
DA:232,0
DA:233,0
DA:248,2
DA:250,0
DA:255,3
LF:62
LH:36
BRDA:20,0,0,43
BRDA:20,0,1,0
BRDA:57,1,0,28
BRDA:57,1,1,3
BRDA:96,2,0,0
BRDA:96,2,1,0
BRDA:232,3,0,0
BRDA:232,3,1,0
BRF:8
BRH:3
end_of_record
TN:
SF:helpers\bcrypt.js
FN:4,hashPassword
FN:8,comparePassword
FNF:2
FNH:2
FNDA:3,hashPassword
FNDA:1,comparePassword
DA:1,3
DA:2,3
DA:5,3
DA:9,1
DA:12,3
LF:5
LH:5
BRF:0
BRH:0
end_of_record
TN:
SF:helpers\jwt.js
FN:4,(anonymous_0)
FN:8,(anonymous_1)
FNF:2
FNH:2
FNDA:2,(anonymous_0)
FNDA:3,(anonymous_1)
DA:1,3
DA:2,3
DA:4,3
DA:5,2
DA:8,3
DA:9,3
DA:12,3
LF:7
LH:7
BRF:0
BRH:0
end_of_record
TN:
SF:middlewares\authentication.js
FN:3,authenticate
FN:37,oo_cm
FNF:2
FNH:2
FNDA:3,authenticate
FNDA:3,oo_cm
DA:1,3
DA:2,3
DA:3,3
DA:4,3
DA:5,3
DA:7,3
DA:8,3
DA:9,0
DA:12,3
DA:13,0
DA:16,3
DA:17,3
DA:18,3
DA:19,3
DA:20,0
DA:22,3
DA:25,3
DA:28,0
DA:37,3
LF:19
LH:15
BRDA:8,0,0,0
BRDA:8,0,1,3
BRDA:12,1,0,0
BRDA:12,1,1,3
BRDA:19,2,0,0
BRDA:19,2,1,3
BRDA:37,3,0,3
BRDA:37,3,1,1
BRF:8
BRH:5
end_of_record
TN:
SF:middlewares\errorHandler.js
FN:1,(anonymous_0)
FN:33,(anonymous_1)
FNF:2
FNH:2
FNDA:12,(anonymous_0)
FNDA:12,(anonymous_1)
DA:1,4
DA:2,12
DA:3,12
DA:5,12
DA:7,3
DA:8,3
DA:10,2
DA:11,2
DA:12,2
DA:15,5
DA:16,5
DA:19,0
DA:20,0
DA:22,0
DA:23,0
DA:25,0
DA:26,0
DA:28,2
DA:29,2
DA:33,4
DA:34,12
DA:37,4
LF:22
LH:16
BRDA:2,0,0,12
BRDA:2,0,1,11
BRDA:3,1,0,12
BRDA:3,1,1,0
BRDA:5,2,0,3
BRDA:5,2,1,2
BRDA:5,2,2,5
BRDA:5,2,3,5
BRDA:5,2,4,0
BRDA:5,2,5,0
BRDA:5,2,6,0
BRDA:5,2,7,0
BRDA:5,2,8,2
BRDA:7,3,0,3
BRDA:7,3,1,0
BRF:15
BRH:9
end_of_record
TN:
SF:models\favorite.js
FN:5,(anonymous_0)
FN:12,(anonymous_1)
FNF:2
FNH:2
FNDA:3,(anonymous_0)
FNDA:3,(anonymous_1)
DA:4,3
DA:5,3
DA:15,3
DA:20,3
DA:36,3
LF:5
LH:5
BRF:0
BRH:0
end_of_record
TN:
SF:models\index.js
FN:21,(anonymous_0)
FN:29,(anonymous_1)
FN:34,(anonymous_2)
FNF:3
FNH:3
FNDA:9,(anonymous_0)
FNDA:6,(anonymous_1)
FNDA:6,(anonymous_2)
DA:3,3
DA:4,3
DA:5,3
DA:6,3
DA:7,3
DA:8,3
DA:9,3
DA:10,3
DA:13,3
DA:14,0
DA:16,3
DA:19,3
DA:22,9
DA:30,6
DA:31,6
DA:34,3
DA:35,6
DA:36,6
DA:40,3
DA:41,3
DA:43,3
LF:21
LH:20
BRDA:8,0,0,3
BRDA:8,0,1,0
BRDA:13,1,0,0
BRDA:13,1,1,3
BRDA:23,2,0,9
BRDA:23,2,1,9
BRDA:23,2,2,6
BRDA:23,2,3,6
BRDA:35,3,0,6
BRDA:35,3,1,0
BRF:10
BRH:7
end_of_record
TN:
SF:models\user.js
FN:7,(anonymous_0)
FN:14,(anonymous_1)
FN:75,(anonymous_2)
FNF:3
FNH:3
FNDA:3,(anonymous_0)
FNDA:3,(anonymous_1)
FNDA:2,(anonymous_2)
DA:3,3
DA:6,3
DA:7,3
DA:16,3
DA:21,3
DA:75,3
DA:76,2
DA:77,2
DA:79,3
LF:9
LH:9
BRF:0
BRH:0
end_of_record
TN:
SF:routes\favoriteRouter.js
FNF:0
FNH:0
DA:1,3
DA:2,3
DA:5,3
DA:7,3
DA:8,3
DA:9,3
DA:10,3
DA:14,3
LF:8
LH:8
BRF:0
BRH:0
end_of_record
TN:
SF:routes\index.js
FNF:0
FNH:0
DA:1,3
DA:2,3
DA:3,3
DA:5,3
DA:7,3
DA:8,3
DA:9,3
DA:11,3
LF:8
LH:8
BRF:0
BRH:0
end_of_record
TN:
SF:routes\userRouter.js
FNF:0
FNH:0
DA:1,3
DA:3,3
DA:5,3
DA:6,3
DA:7,3
DA:8,3
DA:9,3
DA:12,3
LF:8
LH:8
BRF:0
BRH:0
end_of_record
TN:
SF:routes\youtubeRouter.js
FNF:0
FNH:0
DA:1,3
DA:3,3
DA:5,3
DA:6,3
DA:7,3
DA:8,3
DA:9,3
DA:10,3
DA:13,3
LF:9
LH:9
BRF:0
BRH:0
end_of_record
